-------------------------------------------------------------------------------
Test set: com.mycompany.fibonacci.FibonacciTest
-------------------------------------------------------------------------------
Tests run: 7, Failures: 1, Errors: 0, Skipped: 0, Time elapsed: 0.035 s <<< FAILURE! - in com.mycompany.fibonacci.FibonacciTest
testFibonacci0  Time elapsed: 0.02 s  <<< FAILURE!
org.opentest4j.AssertionFailedError: expected: <null> but was: <[0]>
	at com.mycompany.fibonacci.FibonacciTest.testFibonacci0(FibonacciTest.java:15)

