-------------------------------------------------------------------------------
Test set: com.mycompany.fibonacci.FibonacciTest
-------------------------------------------------------------------------------
Tests run: 1, Failures: 1, Errors: 0, Skipped: 0, Time elapsed: 0.019 s <<< FAILURE! - in com.mycompany.fibonacci.FibonacciTest
testFibonacci  Time elapsed: 0.016 s  <<< FAILURE!
org.opentest4j.AssertionFailedError: expected: <true> but was: <null>
	at com.mycompany.fibonacci.FibonacciTest.testFibonacci(FibonacciTest.java:14)

