-------------------------------------------------------------------------------
Test set: com.mycompany.fibonacci.FibonacciTest
-------------------------------------------------------------------------------
Tests run: 2, Failures: 1, Errors: 0, Skipped: 0, Time elapsed: 0.019 s <<< FAILURE! - in com.mycompany.fibonacci.FibonacciTest
testFibonacci2  Time elapsed: 0.01 s  <<< FAILURE!
org.opentest4j.AssertionFailedError: expected: <[0, 1, 5, 2, 3, 5]> but was: <[0, 1, 1, 2, 3, 5]>
	at com.mycompany.fibonacci.FibonacciTest.testFibonacci2(FibonacciTest.java:34)

